This is pdfTeX, Version 3.14159265-2.6-1.40.20 (TeX Live 2019/Debian) (preloaded format=pdflatex 2021.3.20)  5 APR 2021 22:00
entering extended mode
 restricted \write18 enabled.
 %&-line parsing enabled.
**report.tex
(./report.tex
LaTeX2e <2020-02-02> patch level 2
L3 programming layer <2020-02-14>
(/usr/share/texlive/texmf-dist/tex/latex/base/article.cls
Document Class: article 2019/12/20 v1.4l Standard LaTeX document class
(/usr/share/texlive/texmf-dist/tex/latex/base/size11.clo
File: size11.clo 2019/12/20 v1.4l Standard LaTeX file (size option)
)
\c@part=\count167
\c@section=\count168
\c@subsection=\count169
\c@subsubsection=\count170
\c@paragraph=\count171
\c@subparagraph=\count172
\c@figure=\count173
\c@table=\count174
\abovecaptionskip=\skip47
\belowcaptionskip=\skip48
\bibindent=\dimen134
)
(/usr/share/texlive/texmf-dist/tex/latex/base/inputenc.sty
Package: inputenc 2018/08/11 v1.3c Input encoding file
\inpenc@prehook=\toks14
\inpenc@posthook=\toks15
)
(/usr/share/texlive/texmf-dist/tex/generic/babel/babel.sty
Package: babel 2020/02/14 3.40 The Babel package

(/usr/share/texlive/texmf-dist/tex/generic/babel/switch.def
File: switch.def 2020/02/14 3.40 Babel switching mechanism
)
(/usr/share/texlive/texmf-dist/tex/generic/babel-english/english.ldf
Language: english 2017/06/06 v3.3r English support from the babel system

(/usr/share/texlive/texmf-dist/tex/generic/babel/babel.def
File: babel.def 2020/02/14 3.40 Babel common definitions
\babel@savecnt=\count175
\U@D=\dimen135

(/usr/share/texlive/texmf-dist/tex/generic/babel/txtbabel.def)
\bbl@readstream=\read2
\bbl@dirlevel=\count176
)
Package babel Info: \l@canadian = using hyphenrules for english
(babel)             (\language0) on input line 102.
Package babel Info: \l@australian = using hyphenrules for ukenglish
(babel)             (\language13) on input line 105.
Package babel Info: \l@newzealand = using hyphenrules for ukenglish
(babel)             (\language13) on input line 108.
))
(/usr/share/texlive/texmf-dist/tex/latex/notoccite/notoccite.sty
Package: notoccite 2000/07/20
)
(/usr/share/texlive/texmf-dist/tex/latex/caption/caption.sty
Package: caption 2020/01/03 v3.4h Customizing captions (AR)

(/usr/share/texlive/texmf-dist/tex/latex/caption/caption3.sty
Package: caption3 2020/01/03 v1.8h caption3 kernel (AR)
Package caption3 Info: TeX engine: e-TeX on input line 61.

(/usr/share/texlive/texmf-dist/tex/latex/graphics/keyval.sty
Package: keyval 2014/10/28 v1.15 key=value parser (DPC)
\KV@toks@=\toks16
)
\captionmargin=\dimen136
\captionmargin@=\dimen137
\captionwidth=\dimen138
\caption@tempdima=\dimen139
\caption@indent=\dimen140
\caption@parindent=\dimen141
\caption@hangindent=\dimen142
Package caption Info: Standard document class detected.
)
\c@caption@flags=\count177
\c@continuedfloat=\count178
)
(/usr/share/texlive/texmf-dist/tex/latex/listings/listings.sty
\lst@mode=\count179
\lst@gtempboxa=\box45
\lst@token=\toks17
\lst@length=\count180
\lst@currlwidth=\dimen143
\lst@column=\count181
\lst@pos=\count182
\lst@lostspace=\dimen144
\lst@width=\dimen145
\lst@newlines=\count183
\lst@lineno=\count184
\lst@maxwidth=\dimen146

(/usr/share/texlive/texmf-dist/tex/latex/listings/lstmisc.sty
File: lstmisc.sty 2019/09/10 1.8c (Carsten Heinz)
\c@lstnumber=\count185
\lst@skipnumbers=\count186
\lst@framebox=\box46
)
(/usr/share/texlive/texmf-dist/tex/latex/listings/listings.cfg
File: listings.cfg 2019/09/10 1.8c listings configuration
))
Package: listings 2019/09/10 1.8c (Carsten Heinz)

(/usr/share/texlive/texmf-dist/tex/latex/amsmath/amsmath.sty
Package: amsmath 2020/01/20 v2.17e AMS math features
\@mathmargin=\skip49

For additional information on amsmath, use the `?' option.
(/usr/share/texlive/texmf-dist/tex/latex/amsmath/amstext.sty
Package: amstext 2000/06/29 v2.01 AMS text

(/usr/share/texlive/texmf-dist/tex/latex/amsmath/amsgen.sty
File: amsgen.sty 1999/11/30 v2.0 generic functions
\@emptytoks=\toks18
\ex@=\dimen147
))
(/usr/share/texlive/texmf-dist/tex/latex/amsmath/amsbsy.sty
Package: amsbsy 1999/11/29 v1.2d Bold Symbols
\pmbraise@=\dimen148
)
(/usr/share/texlive/texmf-dist/tex/latex/amsmath/amsopn.sty
Package: amsopn 2016/03/08 v2.02 operator names
)
\inf@bad=\count187
LaTeX Info: Redefining \frac on input line 227.
\uproot@=\count188
\leftroot@=\count189
LaTeX Info: Redefining \overline on input line 389.
\classnum@=\count190
\DOTSCASE@=\count191
LaTeX Info: Redefining \ldots on input line 486.
LaTeX Info: Redefining \dots on input line 489.
LaTeX Info: Redefining \cdots on input line 610.
\Mathstrutbox@=\box47
\strutbox@=\box48
\big@size=\dimen149
LaTeX Font Info:    Redeclaring font encoding OML on input line 733.
LaTeX Font Info:    Redeclaring font encoding OMS on input line 734.
\macc@depth=\count192
\c@MaxMatrixCols=\count193
\dotsspace@=\muskip16
\c@parentequation=\count194
\dspbrk@lvl=\count195
\tag@help=\toks19
\row@=\count196
\column@=\count197
\maxfields@=\count198
\andhelp@=\toks20
\eqnshift@=\dimen150
\alignsep@=\dimen151
\tagshift@=\dimen152
\tagwidth@=\dimen153
\totwidth@=\dimen154
\lineht@=\dimen155
\@envbody=\toks21
\multlinegap=\skip50
\multlinetaggap=\skip51
\mathdisplay@stack=\toks22
LaTeX Info: Redefining \[ on input line 2859.
LaTeX Info: Redefining \] on input line 2860.
)
(/usr/share/texlive/texmf-dist/tex/latex/xcolor/xcolor.sty
Package: xcolor 2016/05/11 v2.12 LaTeX color extensions (UK)

(/usr/share/texlive/texmf-dist/tex/latex/graphics-cfg/color.cfg
File: color.cfg 2016/01/02 v1.6 sample color configuration
)
Package xcolor Info: Driver file: pdftex.def on input line 225.

(/usr/share/texlive/texmf-dist/tex/latex/graphics-def/pdftex.def
File: pdftex.def 2018/01/08 v1.0l Graphics/color driver for pdftex
)
(/usr/share/texlive/texmf-dist/tex/latex/colortbl/colortbl.sty
Package: colortbl 2020/01/04 v1.0e Color table columns (DPC)

(/usr/share/texlive/texmf-dist/tex/latex/tools/array.sty
Package: array 2019/08/31 v2.4l Tabular extension package (FMi)
\col@sep=\dimen156
\ar@mcellbox=\box49
\extrarowheight=\dimen157
\NC@list=\toks23
\extratabsurround=\skip52
\backup@length=\skip53
\ar@cellbox=\box50
)
\everycr=\toks24
\minrowclearance=\skip54
)
\rownum=\count199
Package xcolor Info: Model `cmy' substituted by `cmy0' on input line 1348.
Package xcolor Info: Model `hsb' substituted by `rgb' on input line 1352.
Package xcolor Info: Model `RGB' extended on input line 1364.
Package xcolor Info: Model `HTML' substituted by `rgb' on input line 1366.
Package xcolor Info: Model `Hsb' substituted by `hsb' on input line 1367.
Package xcolor Info: Model `tHsb' substituted by `hsb' on input line 1368.
Package xcolor Info: Model `HSB' substituted by `hsb' on input line 1369.
Package xcolor Info: Model `Gray' substituted by `gray' on input line 1370.
Package xcolor Info: Model `wave' substituted by `hsb' on input line 1371.
)
(/usr/share/texlive/texmf-dist/tex/latex/nowidow/nowidow.sty
Package: nowidow 2011/09/20 1.0 Easily prevent widows and orphans
Package: nowidow 

(/usr/share/texlive/texmf-dist/tex/latex/kvoptions/kvoptions.sty
Package: kvoptions 2019/11/29 v3.13 Key value format for package options (HO)

(/usr/share/texlive/texmf-dist/tex/generic/ltxcmds/ltxcmds.sty
Package: ltxcmds 2019/12/15 v1.24 LaTeX kernel commands for general use (HO)
)
(/usr/share/texlive/texmf-dist/tex/generic/kvsetkeys/kvsetkeys.sty
Package: kvsetkeys 2019/12/15 v1.18 Key value parser (HO)
)))
(/usr/share/texlive/texmf-dist/tex/latex/float/float.sty
Package: float 2001/11/08 v1.3d Float enhancements (AL)
\c@float@type=\count266
\float@exts=\toks25
\float@box=\box51
\@float@everytoks=\toks26
\@floatcapt=\box52
)
(/usr/share/texlive/texmf-dist/tex/latex/lipsum/lipsum.sty
(/usr/share/texlive/texmf-dist/tex/latex/l3kernel/expl3.sty
Package: expl3 2020-02-14 L3 programming layer (loader) 

(/usr/share/texlive/texmf-dist/tex/latex/l3backend/l3backend-pdfmode.def
File: l3backend-pdfmode.def 2020-02-03 L3 backend support: PDF mode
\l__kernel_color_stack_int=\count267
\l__pdf_internal_box=\box53
))
(/usr/share/texlive/texmf-dist/tex/latex/l3packages/xparse/xparse.sty
Package: xparse 2020-02-14 L3 Experimental document command parser
\l__xparse_current_arg_int=\count268
\g__xparse_grabber_int=\count269
\l__xparse_m_args_int=\count270
\l__xparse_v_nesting_int=\count271
)
Package: lipsum 2019/01/02 v2.2 150 paragraphs of Lorem Ipsum dummy text

(/usr/share/texlive/texmf-dist/tex/latex/lipsum/lipsum.ltd.tex
File: lipsum.ltd.tex 2019/01/02 v2.2 The Lorem ipsum dummy text
))
(/usr/share/texlive/texmf-dist/tex/latex/graphics/graphicx.sty
Package: graphicx 2019/11/30 v1.2a Enhanced LaTeX Graphics (DPC,SPQR)

(/usr/share/texlive/texmf-dist/tex/latex/graphics/graphics.sty
Package: graphics 2019/11/30 v1.4a Standard LaTeX Graphics (DPC,SPQR)

(/usr/share/texlive/texmf-dist/tex/latex/graphics/trig.sty
Package: trig 2016/01/03 v1.10 sin cos tan (DPC)
)
(/usr/share/texlive/texmf-dist/tex/latex/graphics-cfg/graphics.cfg
File: graphics.cfg 2016/06/04 v1.11 sample graphics configuration
)
Package graphics Info: Driver file: pdftex.def on input line 105.
)
\Gin@req@height=\dimen158
\Gin@req@width=\dimen159
)
(/usr/share/texlive/texmf-dist/tex/latex/geometry/geometry.sty
Package: geometry 2020/01/02 v5.9 Page Geometry

(/usr/share/texlive/texmf-dist/tex/generic/iftex/ifvtex.sty
Package: ifvtex 2019/10/25 v1.7 ifvtex legacy package. Use iftex instead.

(/usr/share/texlive/texmf-dist/tex/generic/iftex/iftex.sty
Package: iftex 2019/11/07 v1.0c TeX engine tests
))
\Gm@cnth=\count272
\Gm@cntv=\count273
\c@Gm@tempcnt=\count274
\Gm@bindingoffset=\dimen160
\Gm@wd@mp=\dimen161
\Gm@odd@mp=\dimen162
\Gm@even@mp=\dimen163
\Gm@layoutwidth=\dimen164
\Gm@layoutheight=\dimen165
\Gm@layouthoffset=\dimen166
\Gm@layoutvoffset=\dimen167
\Gm@dimlist=\toks27
)
(/usr/share/texlive/texmf-dist/tex/latex/hyperref/hyperref.sty
Package: hyperref 2020/01/14 v7.00d Hypertext links for LaTeX

(/usr/share/texlive/texmf-dist/tex/latex/pdftexcmds/pdftexcmds.sty
Package: pdftexcmds 2019/11/24 v0.31 Utility functions of pdfTeX for LuaTeX (HO
)

(/usr/share/texlive/texmf-dist/tex/generic/infwarerr/infwarerr.sty
Package: infwarerr 2019/12/03 v1.5 Providing info/warning/error messages (HO)
)
Package pdftexcmds Info: \pdf@primitive is available.
Package pdftexcmds Info: \pdf@ifprimitive is available.
Package pdftexcmds Info: \pdfdraftmode found.
)
(/usr/share/texlive/texmf-dist/tex/generic/kvdefinekeys/kvdefinekeys.sty
Package: kvdefinekeys 2019-12-19 v1.6 Define keys (HO)
)
(/usr/share/texlive/texmf-dist/tex/generic/pdfescape/pdfescape.sty
Package: pdfescape 2019/12/09 v1.15 Implements pdfTeX's escape features (HO)
)
(/usr/share/texlive/texmf-dist/tex/latex/hycolor/hycolor.sty
Package: hycolor 2020-01-27 v1.10 Color options for hyperref/bookmark (HO)
)
(/usr/share/texlive/texmf-dist/tex/latex/letltxmacro/letltxmacro.sty
Package: letltxmacro 2019/12/03 v1.6 Let assignment for LaTeX macros (HO)
)
(/usr/share/texlive/texmf-dist/tex/latex/auxhook/auxhook.sty
Package: auxhook 2019-12-17 v1.6 Hooks for auxiliary files (HO)
)
\@linkdim=\dimen168
\Hy@linkcounter=\count275
\Hy@pagecounter=\count276

(/usr/share/texlive/texmf-dist/tex/latex/hyperref/pd1enc.def
File: pd1enc.def 2020/01/14 v7.00d Hyperref: PDFDocEncoding definition (HO)
Now handling font encoding PD1 ...
... no UTF-8 mapping file for font encoding PD1
)
(/usr/share/texlive/texmf-dist/tex/generic/intcalc/intcalc.sty
Package: intcalc 2019/12/15 v1.3 Expandable calculations with integers (HO)
)
(/usr/share/texlive/texmf-dist/tex/generic/etexcmds/etexcmds.sty
Package: etexcmds 2019/12/15 v1.7 Avoid name clashes with e-TeX commands (HO)
)
\Hy@SavedSpaceFactor=\count277
\pdfmajorversion=\count278
Package hyperref Info: Hyper figures OFF on input line 4547.
Package hyperref Info: Link nesting OFF on input line 4552.
Package hyperref Info: Hyper index ON on input line 4555.
Package hyperref Info: Plain pages OFF on input line 4562.
Package hyperref Info: Backreferencing OFF on input line 4567.
Package hyperref Info: Implicit mode ON; LaTeX internals redefined.
Package hyperref Info: Bookmarks ON on input line 4800.
\c@Hy@tempcnt=\count279

(/usr/share/texlive/texmf-dist/tex/latex/url/url.sty
\Urlmuskip=\muskip17
Package: url 2013/09/16  ver 3.4  Verb mode for urls, etc.
)
LaTeX Info: Redefining \url on input line 5159.
\XeTeXLinkMargin=\dimen169

(/usr/share/texlive/texmf-dist/tex/generic/bitset/bitset.sty
Package: bitset 2019/12/09 v1.3 Handle bit-vector datatype (HO)

(/usr/share/texlive/texmf-dist/tex/generic/bigintcalc/bigintcalc.sty
Package: bigintcalc 2019/12/15 v1.5 Expandable calculations on big integers (HO
)
))
\Fld@menulength=\count280
\Field@Width=\dimen170
\Fld@charsize=\dimen171
Package hyperref Info: Hyper figures OFF on input line 6430.
Package hyperref Info: Link nesting OFF on input line 6435.
Package hyperref Info: Hyper index ON on input line 6438.
Package hyperref Info: backreferencing OFF on input line 6445.
Package hyperref Info: Link coloring OFF on input line 6450.
Package hyperref Info: Link coloring with OCG OFF on input line 6455.
Package hyperref Info: PDF/A mode OFF on input line 6460.
LaTeX Info: Redefining \ref on input line 6500.
LaTeX Info: Redefining \pageref on input line 6504.

(/usr/share/texlive/texmf-dist/tex/generic/atbegshi/atbegshi.sty
Package: atbegshi 2019/12/05 v1.19 At begin shipout hook (HO)
)
\Hy@abspage=\count281
\c@Item=\count282
\c@Hfootnote=\count283
)
Package hyperref Info: Driver: hpdftex.

(/usr/share/texlive/texmf-dist/tex/latex/hyperref/hpdftex.def
File: hpdftex.def 2020/01/14 v7.00d Hyperref driver for pdfTeX

(/usr/share/texlive/texmf-dist/tex/latex/atveryend/atveryend.sty
Package: atveryend 2019-12-11 v1.11 Hooks at the very end of document (HO)
Package atveryend Info: \enddocument detected (standard20110627).
)
\Fld@listcount=\count284
\c@bookmark@seq@number=\count285

(/usr/share/texlive/texmf-dist/tex/latex/rerunfilecheck/rerunfilecheck.sty
Package: rerunfilecheck 2019/12/05 v1.9 Rerun checks for auxiliary files (HO)

(/usr/share/texlive/texmf-dist/tex/generic/uniquecounter/uniquecounter.sty
Package: uniquecounter 2019/12/15 v1.4 Provide unlimited unique counter (HO)
)
Package uniquecounter Info: New unique counter `rerunfilecheck' on input line 2
86.
)
\Hy@SectionHShift=\skip55
)
Package hyperref Info: Option `colorlinks' set `true' on input line 74.


Package hyperref Warning: Option `pagecolor' is not available anymore.


Package hyperref Warning: Option `bookmarks' has already been used,
(hyperref)                setting the option has no effect on input line 74.

Package hyperref Info: Option `bookmarksopen' set `false' on input line 74.
Package hyperref Info: Option `bookmarksnumbered' set `true' on input line 74.
Package hyperref Info: Option `pdfdisplaydoctitle' set `true' on input line 74.

(/usr/share/texlive/texmf-dist/tex/latex/natbib/natbib.sty
Package: natbib 2010/09/13 8.31b (PWD, AO)
\bibhang=\skip56
\bibsep=\skip57
LaTeX Info: Redefining \cite on input line 694.
\c@NAT@ctr=\count286
)
(/usr/share/texlive/texmf-dist/tex/latex/caption/subcaption.sty
Package: subcaption 2020/01/22 v1.3d Sub-captions (AR)
\c@subfigure=\count287
\c@subtable=\count288
)
(/usr/share/texlive/texmf-dist/tex/latex/mdframed/mdframed.sty
Package: mdframed 2013/07/01 1.9b: mdframed

(/usr/share/texlive/texmf-dist/tex/latex/etoolbox/etoolbox.sty
Package: etoolbox 2019/09/21 v2.5h e-TeX tools for LaTeX (JAW)
\etb@tempcnta=\count289
)
(/usr/share/texlive/texmf-dist/tex/latex/zref/zref-abspage.sty
Package: zref-abspage 2019/11/29 v2.28 Module abspage for zref (HO)

(/usr/share/texlive/texmf-dist/tex/latex/zref/zref-base.sty
Package: zref-base 2019/11/29 v2.28 Module base for zref (HO)
Package zref Info: New property list: main on input line 763.
Package zref Info: New property: default on input line 764.
Package zref Info: New property: page on input line 765.
)
\c@abspage=\count290
Package zref Info: New property: abspage on input line 66.
)
(/usr/share/texlive/texmf-dist/tex/latex/needspace/needspace.sty
Package: needspace 2010/09/12 v1.3d reserve vertical space
)
\mdf@templength=\skip58
\c@mdf@globalstyle@cnt=\count291
\mdf@skipabove@length=\skip59
\mdf@skipbelow@length=\skip60
\mdf@leftmargin@length=\skip61
\mdf@rightmargin@length=\skip62
\mdf@innerleftmargin@length=\skip63
\mdf@innerrightmargin@length=\skip64
\mdf@innertopmargin@length=\skip65
\mdf@innerbottommargin@length=\skip66
\mdf@splittopskip@length=\skip67
\mdf@splitbottomskip@length=\skip68
\mdf@outermargin@length=\skip69
\mdf@innermargin@length=\skip70
\mdf@linewidth@length=\skip71
\mdf@innerlinewidth@length=\skip72
\mdf@middlelinewidth@length=\skip73
\mdf@outerlinewidth@length=\skip74
\mdf@roundcorner@length=\skip75
\mdf@footenotedistance@length=\skip76
\mdf@userdefinedwidth@length=\skip77
\mdf@needspace@length=\skip78
\mdf@frametitleaboveskip@length=\skip79
\mdf@frametitlebelowskip@length=\skip80
\mdf@frametitlerulewidth@length=\skip81
\mdf@frametitleleftmargin@length=\skip82
\mdf@frametitlerightmargin@length=\skip83
\mdf@shadowsize@length=\skip84
\mdf@extratopheight@length=\skip85
\mdf@subtitleabovelinewidth@length=\skip86
\mdf@subtitlebelowlinewidth@length=\skip87
\mdf@subtitleaboveskip@length=\skip88
\mdf@subtitlebelowskip@length=\skip89
\mdf@subtitleinneraboveskip@length=\skip90
\mdf@subtitleinnerbelowskip@length=\skip91
\mdf@subsubtitleabovelinewidth@length=\skip92
\mdf@subsubtitlebelowlinewidth@length=\skip93
\mdf@subsubtitleaboveskip@length=\skip94
\mdf@subsubtitlebelowskip@length=\skip95
\mdf@subsubtitleinneraboveskip@length=\skip96
\mdf@subsubtitleinnerbelowskip@length=\skip97

(/usr/share/texlive/texmf-dist/tex/latex/mdframed/md-frame-0.mdf
File: md-frame-0.mdf 2013/07/01\ 1.9b: md-frame-0
)
\mdf@frametitlebox=\box54
\mdf@footnotebox=\box55
\mdf@splitbox@one=\box56
\mdf@splitbox@two=\box57
\mdf@splitbox@save=\box58
\mdfsplitboxwidth=\skip98
\mdfsplitboxtotalwidth=\skip99
\mdfsplitboxheight=\skip100
\mdfsplitboxdepth=\skip101
\mdfsplitboxtotalheight=\skip102
\mdfframetitleboxwidth=\skip103
\mdfframetitleboxtotalwidth=\skip104
\mdfframetitleboxheight=\skip105
\mdfframetitleboxdepth=\skip106
\mdfframetitleboxtotalheight=\skip107
\mdffootnoteboxwidth=\skip108
\mdffootnoteboxtotalwidth=\skip109
\mdffootnoteboxheight=\skip110
\mdffootnoteboxdepth=\skip111
\mdffootnoteboxtotalheight=\skip112
\mdftotallinewidth=\skip113
\mdfboundingboxwidth=\skip114
\mdfboundingboxtotalwidth=\skip115
\mdfboundingboxheight=\skip116
\mdfboundingboxdepth=\skip117
\mdfboundingboxtotalheight=\skip118
\mdf@freevspace@length=\skip119
\mdf@horizontalwidthofbox@length=\skip120
\mdf@verticalmarginwhole@length=\skip121
\mdf@horizontalspaceofbox=\skip122
\mdfsubtitleheight=\skip123
\mdfsubsubtitleheight=\skip124
\c@mdfcountframes=\count292

****** mdframed patching \endmdf@trivlist

****** -- success******

\mdf@envdepth=\count293
\c@mdf@env@i=\count294
\c@mdf@env@ii=\count295
\c@mdf@zref@counter=\count296
Package zref Info: New property: mdf@pagevalue on input line 895.
)
(./report.aux

LaTeX Warning: Label `fig:first' multiply defined.


LaTeX Warning: Label `sub@fig:first' multiply defined.


LaTeX Warning: Label `fig:second' multiply defined.


LaTeX Warning: Label `sub@fig:second' multiply defined.


LaTeX Warning: Label `fig:first' multiply defined.


LaTeX Warning: Label `sub@fig:first' multiply defined.


LaTeX Warning: Label `fig:second' multiply defined.


LaTeX Warning: Label `sub@fig:second' multiply defined.


LaTeX Warning: Label `fig:first' multiply defined.


LaTeX Warning: Label `sub@fig:first' multiply defined.


LaTeX Warning: Label `fig:second' multiply defined.


LaTeX Warning: Label `sub@fig:second' multiply defined.


LaTeX Warning: Label `fig:first' multiply defined.


LaTeX Warning: Label `sub@fig:first' multiply defined.


LaTeX Warning: Label `fig:second' multiply defined.


LaTeX Warning: Label `sub@fig:second' multiply defined.

)
\openout1 = `report.aux'.

LaTeX Font Info:    Checking defaults for OML/cmm/m/it on input line 85.
LaTeX Font Info:    ... okay on input line 85.
LaTeX Font Info:    Checking defaults for OMS/cmsy/m/n on input line 85.
LaTeX Font Info:    ... okay on input line 85.
LaTeX Font Info:    Checking defaults for OT1/cmr/m/n on input line 85.
LaTeX Font Info:    ... okay on input line 85.
LaTeX Font Info:    Checking defaults for T1/cmr/m/n on input line 85.
LaTeX Font Info:    ... okay on input line 85.
LaTeX Font Info:    Checking defaults for TS1/cmr/m/n on input line 85.
LaTeX Font Info:    ... okay on input line 85.
LaTeX Font Info:    Checking defaults for OMX/cmex/m/n on input line 85.
LaTeX Font Info:    ... okay on input line 85.
LaTeX Font Info:    Checking defaults for U/cmr/m/n on input line 85.
LaTeX Font Info:    ... okay on input line 85.
LaTeX Font Info:    Checking defaults for PD1/pdf/m/n on input line 85.
LaTeX Font Info:    ... okay on input line 85.
LaTeX Font Info:    Trying to load font information for OT1+phv on input line 8
5.
 (/usr/share/texlive/texmf-dist/tex/latex/psnfss/ot1phv.fd
File: ot1phv.fd 2001/06/04 scalable font definitions for OT1/phv.
)
Package caption Info: Begin \AtBeginDocument code.
Package caption Info: float package is loaded.
Package caption Info: hyperref package is loaded.
Package caption Info: listings package is loaded.
Package caption Info: End \AtBeginDocument code.
\c@lstlisting=\count297

(/usr/share/texlive/texmf-dist/tex/context/base/mkii/supp-pdf.mkii
[Loading MPS to PDF converter (version 2006.09.02).]
\scratchcounter=\count298
\scratchdimen=\dimen172
\scratchbox=\box59
\nofMPsegments=\count299
\nofMParguments=\count300
\everyMPshowfont=\toks28
\MPscratchCnt=\count301
\MPscratchDim=\dimen173
\MPnumerator=\count302
\makeMPintoPDFobject=\count303
\everyMPtoPDFconversion=\toks29
) (/usr/share/texlive/texmf-dist/tex/latex/epstopdf-pkg/epstopdf-base.sty
Package: epstopdf-base 2020-01-24 v2.11 Base part for package epstopdf
Package epstopdf-base Info: Redefining graphics rule for `.eps' on input line 4
85.

(/usr/share/texlive/texmf-dist/tex/latex/latexconfig/epstopdf-sys.cfg
File: epstopdf-sys.cfg 2010/07/13 v1.3 Configuration of (r)epstopdf for TeX Liv
e
))
*geometry* driver: auto-detecting
*geometry* detected driver: pdftex

Package geometry Warning: The marginal notes overrun the paper.
     Add 41.86812pt and more to the right margin.

*geometry* verbose mode - [ preamble ] result:
* driver: pdftex
* paper: a4paper
* layout: <same size as paper>
* layoutoffset:(h,v)=(0.0pt,0.0pt)
* modes: twoside 
* h-part:(L,W,R)=(71.13188pt, 455.24411pt, 71.13188pt)
* v-part:(T,H,B)=(71.13188pt, 702.78308pt, 71.13188pt)
* \paperwidth=597.50787pt
* \paperheight=845.04684pt
* \textwidth=455.24411pt
* \textheight=702.78308pt
* \oddsidemargin=-1.1381pt
* \evensidemargin=-1.1381pt
* \topmargin=-38.1381pt
* \headheight=12.0pt
* \headsep=25.0pt
* \topskip=11.0pt
* \footskip=30.0pt
* \marginparwidth=103.0pt
* \marginparsep=10.0pt
* \columnsep=10.0pt
* \skip\footins=10.0pt plus 4.0pt minus 2.0pt
* \hoffset=0.0pt
* \voffset=0.0pt
* \mag=1000
* \@twocolumnfalse
* \@twosidetrue
* \@mparswitchtrue
* \@reversemarginfalse
* (1in=72.27pt=25.4mm, 1cm=28.453pt)

\AtBeginShipoutBox=\box60
Package hyperref Info: Link coloring ON on input line 85.
(/usr/share/texlive/texmf-dist/tex/latex/hyperref/nameref.sty
Package: nameref 2019/09/16 v2.46 Cross-referencing by name of section

(/usr/share/texlive/texmf-dist/tex/latex/refcount/refcount.sty
Package: refcount 2019/12/15 v3.6 Data extraction from label references (HO)
)
(/usr/share/texlive/texmf-dist/tex/generic/gettitlestring/gettitlestring.sty
Package: gettitlestring 2019/12/15 v1.6 Cleanup title references (HO)
)
\c@section@level=\count304
)
LaTeX Info: Redefining \ref on input line 85.
LaTeX Info: Redefining \pageref on input line 85.
LaTeX Info: Redefining \nameref on input line 85.

(./report.out) (./report.out)
\@outlinefile=\write3
\openout3 = `report.out'.

 (./frontcover.tex
Package pdftex.def Info: Option `bb' equivalent to `viewport' with pdftex drive
r on input line 15.
<../../figlib/IST_A_CMYK_POS.pdf, id=64, 845.0471pt x 597.51233pt>
File: ../../figlib/IST_A_CMYK_POS.pdf Graphic file (type pdf)
<use ../../figlib/IST_A_CMYK_POS.pdf>
Package pdftex.def Info: ../../figlib/IST_A_CMYK_POS.pdf  used on input line 15
.
(pdftex.def)             Requested size: -78.38533pt x -90.76195pt.
LaTeX Font Info:    Trying to load font information for T1+phv on input line 24
.

(/usr/share/texlive/texmf-dist/tex/latex/psnfss/t1phv.fd
File: t1phv.fd 2001/06/04 scalable font definitions for T1/phv.
)
LaTeX Font Info:    Trying to load font information for TS1+phv on input line 3
2.

(/usr/share/texlive/texmf-dist/tex/latex/psnfss/ts1phv.fd
File: ts1phv.fd 2001/06/04 scalable font definitions for TS1/phv.
) [1

{/var/lib/texmf/fonts/map/pdftex/updmap/pdftex.map} <../../figlib/IST_A_CMYK_PO
S.pdf>])
(./report.toc)
\tf@toc=\write4
\openout4 = `report.toc'.

 (./intro.tex [2]
<circuit1.pdf, id=109, 796.67719pt x 448.1309pt>
File: circuit1.pdf Graphic file (type pdf)
<use circuit1.pdf>
Package pdftex.def Info: circuit1.pdf  used on input line 11.
(pdftex.def)             Requested size: 182.09486pt x 102.42517pt.
<circuit2.pdf, id=110, 796.67719pt x 448.1309pt>
File: circuit2.pdf Graphic file (type pdf)
<use circuit2.pdf>
Package pdftex.def Info: circuit2.pdf  used on input line 16.
(pdftex.def)             Requested size: 182.09486pt x 102.42517pt.

Underfull \hbox (badness 10000) in paragraph at lines 24--29

 []

)
Underfull \vbox (badness 10000) has occurred while \output is active []

 [3 <./circuit1.pdf> <./circuit2.pdf

pdfTeX warning: pdflatex (file ./circuit2.pdf): PDF inclusion: multiple pdfs wi
th page group included in a single page
>] (./analysis.tex
Package epstopdf Info: Source file: <NaturalResponse.eps>
(epstopdf)                    date: 2021-04-05 22:00:21
(epstopdf)                    size: 363151 bytes
(epstopdf)             Output file: <NaturalResponse-eps-converted-to.pdf>
(epstopdf)                    date: 2021-04-05 22:00:25
(epstopdf)                    size: 117313 bytes
(epstopdf)             Command: <repstopdf --outfile=NaturalResponse-eps-conver
ted-to.pdf NaturalResponse.eps>
(epstopdf)             \includegraphics on input line 112.
Package epstopdf Info: Output file is already uptodate.
<NaturalResponse-eps-converted-to.pdf, id=145, 578.16pt x 433.62pt>
File: NaturalResponse-eps-converted-to.pdf Graphic file (type pdf)
<use NaturalResponse-eps-converted-to.pdf>
Package pdftex.def Info: NaturalResponse-eps-converted-to.pdf  used on input li
ne 112.
(pdftex.def)             Requested size: 426.79134pt x 320.09303pt.

Underfull \vbox (badness 10000) has occurred while \output is active []

 [4]
<circuit3.pdf, id=155, 796.67719pt x 448.1309pt>
File: circuit3.pdf Graphic file (type pdf)
<use circuit3.pdf>
Package pdftex.def Info: circuit3.pdf  used on input line 118.
(pdftex.def)             Requested size: 426.79134pt x 240.07245pt.

Underfull \vbox (badness 10000) has occurred while \output is active []

 [5 <./NaturalResponse-eps-converted-to.pdf> <./circuit3.pdf>]
File: circuit1.pdf Graphic file (type pdf)
<use circuit1.pdf>
Package pdftex.def Info: circuit1.pdf  used on input line 147.
(pdftex.def)             Requested size: 426.79134pt x 240.07245pt.
Package epstopdf Info: Source file: <Solution.eps>
(epstopdf)                    date: 2021-04-05 22:00:21
(epstopdf)                    size: 897590 bytes
(epstopdf)             Output file: <Solution-eps-converted-to.pdf>
(epstopdf)                    date: 2021-04-05 22:00:32
(epstopdf)                    size: 220748 bytes
(epstopdf)             Command: <repstopdf --outfile=Solution-eps-converted-to.
pdf Solution.eps>
(epstopdf)             \includegraphics on input line 189.
Package epstopdf Info: Output file is already uptodate.
<Solution-eps-converted-to.pdf, id=180, 578.16pt x 433.62pt>
File: Solution-eps-converted-to.pdf Graphic file (type pdf)
<use Solution-eps-converted-to.pdf>
Package pdftex.def Info: Solution-eps-converted-to.pdf  used on input line 189.

(pdftex.def)             Requested size: 426.79134pt x 320.09303pt.
 [6]
Package epstopdf Info: Source file: <Amplitude.eps>
(epstopdf)                    date: 2021-04-05 22:00:21
(epstopdf)                    size: 64322 bytes
(epstopdf)             Output file: <Amplitude-eps-converted-to.pdf>
(epstopdf)                    date: 2021-04-05 22:00:33
(epstopdf)                    size: 16035 bytes
(epstopdf)             Command: <repstopdf --outfile=Amplitude-eps-converted-to
.pdf Amplitude.eps>
(epstopdf)             \includegraphics on input line 208.
Package epstopdf Info: Output file is already uptodate.
<Amplitude-eps-converted-to.pdf, id=189, 578.16pt x 433.62pt>
File: Amplitude-eps-converted-to.pdf Graphic file (type pdf)
<use Amplitude-eps-converted-to.pdf>
Package pdftex.def Info: Amplitude-eps-converted-to.pdf  used on input line 208
.
(pdftex.def)             Requested size: 426.79134pt x 320.09303pt.

Underfull \vbox (badness 10000) has occurred while \output is active []

 [7 <./Solution-eps-converted-to.pdf>]
Package epstopdf Info: Source file: <Arguments.eps>
(epstopdf)                    date: 2021-04-05 22:00:21
(epstopdf)                    size: 62411 bytes
(epstopdf)             Output file: <Arguments-eps-converted-to.pdf>
(epstopdf)                    date: 2021-04-05 22:00:34
(epstopdf)                    size: 16301 bytes
(epstopdf)             Command: <repstopdf --outfile=Arguments-eps-converted-to
.pdf Arguments.eps>
(epstopdf)             \includegraphics on input line 214.
Package epstopdf Info: Output file is already uptodate.
<Arguments-eps-converted-to.pdf, id=201, 578.16pt x 433.62pt>
File: Arguments-eps-converted-to.pdf Graphic file (type pdf)
<use Arguments-eps-converted-to.pdf>
Package pdftex.def Info: Arguments-eps-converted-to.pdf  used on input line 214
.
(pdftex.def)             Requested size: 426.79134pt x 320.09303pt.

Underfull \vbox (badness 10000) has occurred while \output is active []

 [8 <./Amplitude-eps-converted-to.pdf>]) (./simulation.tex
Underfull \vbox (badness 10000) has occurred while \output is active []

 [9 <./Arguments-eps-converted-to.pdf>]
Package epstopdf Info: Source file: <NaturalResponse.eps>
(epstopdf)                    date: 2021-04-05 22:00:21
(epstopdf)                    size: 363151 bytes
(epstopdf)             Output file: <NaturalResponse-eps-converted-to.pdf>
(epstopdf)                    date: 2021-04-05 22:00:25
(epstopdf)                    size: 117313 bytes
(epstopdf)             Command: <repstopdf --outfile=NaturalResponse-eps-conver
ted-to.pdf NaturalResponse.eps>
(epstopdf)             \includegraphics on input line 61.
Package epstopdf Info: Output file is already uptodate.
File: NaturalResponse-eps-converted-to.pdf Graphic file (type pdf)
<use NaturalResponse-eps-converted-to.pdf>
Package pdftex.def Info: NaturalResponse-eps-converted-to.pdf  used on input li
ne 61.
(pdftex.def)             Requested size: 182.09486pt x 136.57117pt.
<../sim/sim_3.pdf, id=223, 597.23125pt x 845.1575pt>
File: ../sim/sim_3.pdf Graphic file (type pdf)
<use ../sim/sim_3.pdf>
Package pdftex.def Info: ../sim/sim_3.pdf  used on input line 66.
(pdftex.def)             Requested size: 182.09486pt x 257.68884pt.
Package epstopdf Info: Source file: <Solution.eps>
(epstopdf)                    date: 2021-04-05 22:00:21
(epstopdf)                    size: 897590 bytes
(epstopdf)             Output file: <Solution-eps-converted-to.pdf>
(epstopdf)                    date: 2021-04-05 22:00:32
(epstopdf)                    size: 220748 bytes
(epstopdf)             Command: <repstopdf --outfile=Solution-eps-converted-to.
pdf Solution.eps>
(epstopdf)             \includegraphics on input line 86.
Package epstopdf Info: Output file is already uptodate.
File: Solution-eps-converted-to.pdf Graphic file (type pdf)
<use Solution-eps-converted-to.pdf>
Package pdftex.def Info: Solution-eps-converted-to.pdf  used on input line 86.
(pdftex.def)             Requested size: 182.09486pt x 136.57117pt.
<../sim/sim4.pdf, id=224, 597.23125pt x 845.1575pt>
File: ../sim/sim4.pdf Graphic file (type pdf)
<use ../sim/sim4.pdf>
Package pdftex.def Info: ../sim/sim4.pdf  used on input line 91.
(pdftex.def)             Requested size: 182.09486pt x 257.68884pt.


LaTeX Warning: `h' float specifier changed to `ht'.

Package epstopdf Info: Source file: <Amplitude.eps>
(epstopdf)                    date: 2021-04-05 22:00:21
(epstopdf)                    size: 64322 bytes
(epstopdf)             Output file: <Amplitude-eps-converted-to.pdf>
(epstopdf)                    date: 2021-04-05 22:00:33
(epstopdf)                    size: 16035 bytes
(epstopdf)             Command: <repstopdf --outfile=Amplitude-eps-converted-to
.pdf Amplitude.eps>
(epstopdf)             \includegraphics on input line 110.
Package epstopdf Info: Output file is already uptodate.
File: Amplitude-eps-converted-to.pdf Graphic file (type pdf)
<use Amplitude-eps-converted-to.pdf>
Package pdftex.def Info: Amplitude-eps-converted-to.pdf  used on input line 110
.
(pdftex.def)             Requested size: 182.09486pt x 136.57117pt.
<../sim/sim5_db.pdf, id=225, 597.23125pt x 845.1575pt>
File: ../sim/sim5_db.pdf Graphic file (type pdf)
<use ../sim/sim5_db.pdf>
Package pdftex.def Info: ../sim/sim5_db.pdf  used on input line 115.
(pdftex.def)             Requested size: 182.09486pt x 257.68884pt.

LaTeX Warning: `h' float specifier changed to `ht'.

Package epstopdf Info: Source file: <Arguments.eps>
(epstopdf)                    date: 2021-04-05 22:00:21
(epstopdf)                    size: 62411 bytes
(epstopdf)             Output file: <Arguments-eps-converted-to.pdf>
(epstopdf)                    date: 2021-04-05 22:00:34
(epstopdf)                    size: 16301 bytes
(epstopdf)             Command: <repstopdf --outfile=Arguments-eps-converted-to
.pdf Arguments.eps>
(epstopdf)             \includegraphics on input line 134.
Package epstopdf Info: Output file is already uptodate.
File: Arguments-eps-converted-to.pdf Graphic file (type pdf)
<use Arguments-eps-converted-to.pdf>
Package pdftex.def Info: Arguments-eps-converted-to.pdf  used on input line 134
.
(pdftex.def)             Requested size: 182.09486pt x 136.57117pt.
<../sim/sim5_ph.pdf, id=226, 597.23125pt x 845.1575pt>
File: ../sim/sim5_ph.pdf Graphic file (type pdf)
<use ../sim/sim5_ph.pdf>
Package pdftex.def Info: ../sim/sim5_ph.pdf  used on input line 139.
(pdftex.def)             Requested size: 182.09486pt x 257.68884pt.

LaTeX Warning: `h' float specifier changed to `ht'.

) (./conclusion.tex)
Package atveryend Info: Empty hook `BeforeClearDocument' on input line 162.
 [10 <../sim/sim_3.pdf>] [11 <../sim/sim4.pdf> <../sim/sim5_db.pdf>] [12 <../si
m/sim5_ph.pdf>]
Package atveryend Info: Empty hook `AfterLastShipout' on input line 162.
 (./report.aux)
Package atveryend Info: Executing hook `AtVeryEndDocument' on input line 162.
Package atveryend Info: Executing hook `AtEndAfterFileList' on input line 162.
Package rerunfilecheck Info: File `report.out' has not changed.
(rerunfilecheck)             Checksum: B6BF5741FE483081EBF1C63C445B6CD8;809.


LaTeX Warning: There were multiply-defined labels.

Package atveryend Info: Empty hook `AtVeryVeryEnd' on input line 162.
 ) 
Here is how much of TeX's memory you used:
 12176 strings out of 481239
 192173 string characters out of 5920377
 597853 words of memory out of 5000000
 27153 multiletter control sequences out of 15000+600000
 554684 words of font info for 55 fonts, out of 8000000 for 9000
 1142 hyphenation exceptions out of 8191
 41i,11n,42p,925b,489s stack positions out of 5000i,500n,10000p,200000b,80000s
{/usr/share/texlive/texmf-dist/fonts/enc/dvips/base/8r.enc}</usr/share/texliv
e/texmf-dist/fonts/type1/public/amsfonts/cm/cmex10.pfb></usr/share/texlive/texm
f-dist/fonts/type1/public/amsfonts/cm/cmmi10.pfb></usr/share/texlive/texmf-dist
/fonts/type1/public/amsfonts/cm/cmmi6.pfb></usr/share/texlive/texmf-dist/fonts/
type1/public/amsfonts/cm/cmmi8.pfb></usr/share/texlive/texmf-dist/fonts/type1/p
ublic/amsfonts/cm/cmr10.pfb></usr/share/texlive/texmf-dist/fonts/type1/public/a
msfonts/cm/cmr8.pfb></usr/share/texlive/texmf-dist/fonts/type1/public/amsfonts/
cm/cmsy10.pfb></usr/share/texlive/texmf-dist/fonts/type1/urw/helvetic/uhvb8a.pf
b></usr/share/texlive/texmf-dist/fonts/type1/urw/helvetic/uhvr8a.pfb>
Output written on report.pdf (12 pages, 698025 bytes).
PDF statistics:
 312 PDF objects out of 1000 (max. 8388607)
 241 compressed objects within 3 object streams
 45 named destinations out of 1000 (max. 500000)
 181 words of extra memory for PDF output out of 10000 (max. 10000000)

