Tensoes_TAB
V1 = 5.216040e+00 V
V2 = 4.939074e+00 V
V3 = 4.361415e+00 V
V4 = -0.000000e+00 V
V5 = 4.978786e+00 V
V6 = 5.853598e+00 V
V7 = -2.001094e+00 V
V8 = -2.978754e+00 V
Tensoes_END
Tensoes2_TAB
V1 = 0.000000e+00 V
V2 = -0.000000e+00 V
V3 = -0.000000e+00 V
V4 = -0.000000e+00 V
V5 = 0.000000e+00 V
V6 = 5.000000e+01 V
V7 = 0.000000e+00 V
V8 = -0.000000e+00 V
Tensoes2_END
ComplexAmplitudes_TAB
V1 = 1.000000e+00 + i(-1.549812e-33) V
V2 = 9.469010e-01 + i(-1.466518e-17) V
V3 = 8.361543e-01 + i(5.184518e-16) V
V4 = 0.000000e+00 + i(-1.549812e-33) V
V5 = 9.545144e-01 + i(-5.131501e-17) V
V6 = -5.667484e-01 + i(-8.549146e-02) V
V7 = -3.836423e-01 + i(2.062473e-17) V
V8 = -5.710758e-01 + i(3.070122e-17) V
ComplexAmplitudes_END
